<?xml version="1.0" encoding="UTF-8"?>
<!-- Generated by org.testng.reporters.JUnitReportReporter -->
<testsuite hostname="PEGASUS" failures="0" tests="5" name="com.qa.testscripts.TC_ProblemsDropdown_004" time="89.176" errors="0" timestamp="2022-09-14T13:13:19 IST" skipped="0">
  <testcase classname="com.qa.testscripts.TC_ProblemsDropdown_004" name="SignIn" time="15.947"/>
  <system-out/>
  <testcase classname="com.qa.testscripts.TC_ProblemsDropdown_004" name="initialiseExpectedResult" time="0.002"/>
  <system-out/>
  <testcase classname="com.qa.testscripts.TC_ProblemsDropdown_004" name="dropdownSelection" time="24.227"/>
  <system-out/>
  <testcase classname="com.qa.testscripts.TC_ProblemsDropdown_004" name="dropdownSelection" time="24.595"/>
  <system-out/>
  <testcase classname="com.qa.testscripts.TC_ProblemsDropdown_004" name="dropdownSelection" time="24.405"/>
  <system-out/>
</testsuite> <!-- com.qa.testscripts.TC_ProblemsDropdown_004 -->
