<?xml version="1.0" encoding="UTF-8"?>
<!-- Generated by org.testng.reporters.JUnitReportReporter -->
<testsuite hostname="PEGASUS" failures="0" tests="6" name="com.qa.testscripts.TC_ProblemsSearchTag_008" time="31.453" errors="0" timestamp="2022-09-14T13:13:19 IST" skipped="0">
  <testcase classname="com.qa.testscripts.TC_ProblemsSearchTag_008" name="initExpectedResult" time="0.001"/>
  <system-out/>
  <testcase classname="com.qa.testscripts.TC_ProblemsSearchTag_008" name="SignIn" time="18.252"/>
  <system-out/>
  <testcase classname="com.qa.testscripts.TC_ProblemsSearchTag_008" name="searchTag" time="3.286"/>
  <system-out/>
  <testcase classname="com.qa.testscripts.TC_ProblemsSearchTag_008" name="searchTag" time="3.355"/>
  <system-out/>
  <testcase classname="com.qa.testscripts.TC_ProblemsSearchTag_008" name="searchTag" time="3.265"/>
  <system-out/>
  <testcase classname="com.qa.testscripts.TC_ProblemsSearchTag_008" name="searchTag" time="3.294"/>
  <system-out/>
</testsuite> <!-- com.qa.testscripts.TC_ProblemsSearchTag_008 -->
