<?xml version="1.0" encoding="UTF-8"?>
<!-- Generated by org.testng.reporters.JUnitReportReporter -->
<testsuite hostname="PEGASUS" failures="0" tests="6" name="com.qa.testscripts.TC_ProblemsSearchTag_008" time="29.194" errors="0" timestamp="2022-09-14T13:06:14 IST" skipped="0">
  <testcase classname="com.qa.testscripts.TC_ProblemsSearchTag_008" name="SignIn" time="16.004"/>
  <system-out/>
  <testcase classname="com.qa.testscripts.TC_ProblemsSearchTag_008" name="initExpectedResult" time="0.001"/>
  <system-out/>
  <testcase classname="com.qa.testscripts.TC_ProblemsSearchTag_008" name="searchTag" time="3.388"/>
  <system-out/>
  <testcase classname="com.qa.testscripts.TC_ProblemsSearchTag_008" name="searchTag" time="3.314"/>
  <system-out/>
  <testcase classname="com.qa.testscripts.TC_ProblemsSearchTag_008" name="searchTag" time="3.236"/>
  <system-out/>
  <testcase classname="com.qa.testscripts.TC_ProblemsSearchTag_008" name="searchTag" time="3.251"/>
  <system-out/>
</testsuite> <!-- com.qa.testscripts.TC_ProblemsSearchTag_008 -->
